[2025-04-28T16:19:59.158+0000] {local_task_job_runner.py:120} INFO - ::group::Pre task execution logs
[2025-04-28T16:19:59.462+0000] {taskinstance.py:2076} INFO - Dependencies all met for dep_context=non-requeueable deps ti=<TaskInstance: random_user_pipeline.insert_postgres scheduled__2025-04-28T16:00:58+00:00 [queued]>
[2025-04-28T16:19:59.477+0000] {taskinstance.py:2076} INFO - Dependencies all met for dep_context=requeueable deps ti=<TaskInstance: random_user_pipeline.insert_postgres scheduled__2025-04-28T16:00:58+00:00 [queued]>
[2025-04-28T16:19:59.478+0000] {taskinstance.py:2306} INFO - Starting attempt 2 of 2
[2025-04-28T16:19:59.500+0000] {taskinstance.py:2330} INFO - Executing <Task(PythonOperator): insert_postgres> on 2025-04-28 16:00:58+00:00
[2025-04-28T16:19:59.506+0000] {standard_task_runner.py:90} INFO - Running: ['airflow', 'tasks', 'run', 'random_user_pipeline', 'insert_***', 'scheduled__2025-04-28T16:00:58+00:00', '--job-id', '94', '--raw', '--subdir', 'DAGS_FOLDER/random_user_pipeline.py', '--cfg-path', '/tmp/tmpdtznuhi9']
[2025-04-28T16:19:59.509+0000] {standard_task_runner.py:91} INFO - Job 94: Subtask insert_***
[2025-04-28T16:19:59.509+0000] {logging_mixin.py:188} WARNING - /home/airflow/.local/lib/python3.12/site-packages/airflow/task/task_runner/standard_task_runner.py:61 DeprecationWarning: This process (pid=222) is multi-threaded, use of fork() may lead to deadlocks in the child.
[2025-04-28T16:19:59.511+0000] {standard_task_runner.py:63} INFO - Started process 223 to run task
[2025-04-28T16:20:00.163+0000] {task_command.py:426} INFO - Running <TaskInstance: random_user_pipeline.insert_postgres scheduled__2025-04-28T16:00:58+00:00 [running]> on host 03e87209dbec
[2025-04-28T16:20:01.451+0000] {taskinstance.py:2648} INFO - Exporting env vars: AIRFLOW_CTX_DAG_OWNER='airflow' AIRFLOW_CTX_DAG_ID='random_user_pipeline' AIRFLOW_CTX_TASK_ID='insert_***' AIRFLOW_CTX_EXECUTION_DATE='2025-04-28T16:00:58+00:00' AIRFLOW_CTX_TRY_NUMBER='2' AIRFLOW_CTX_DAG_RUN_ID='scheduled__2025-04-28T16:00:58+00:00'
[2025-04-28T16:20:01.452+0000] {taskinstance.py:430} INFO - ::endgroup::
[2025-04-28T16:20:01.470+0000] {taskinstance.py:441} INFO - ::group::Post task execution logs
[2025-04-28T16:20:01.470+0000] {taskinstance.py:2905} ERROR - Task failed with exception
Traceback (most recent call last):
  File "/home/airflow/.local/lib/python3.12/site-packages/airflow/models/taskinstance.py", line 465, in _execute_task
    result = _execute_callable(context=context, **execute_callable_kwargs)
             ^^^^^^^^^^^^^^^^^^^^^^^^^^^^^^^^^^^^^^^^^^^^^^^^^^^^^^^^^^^^^
  File "/home/airflow/.local/lib/python3.12/site-packages/airflow/models/taskinstance.py", line 432, in _execute_callable
    return execute_callable(context=context, **execute_callable_kwargs)
           ^^^^^^^^^^^^^^^^^^^^^^^^^^^^^^^^^^^^^^^^^^^^^^^^^^^^^^^^^^^^
  File "/home/airflow/.local/lib/python3.12/site-packages/airflow/models/baseoperator.py", line 401, in wrapper
    return func(self, *args, **kwargs)
           ^^^^^^^^^^^^^^^^^^^^^^^^^^^
  File "/home/airflow/.local/lib/python3.12/site-packages/airflow/operators/python.py", line 235, in execute
    return_value = self.execute_callable()
                   ^^^^^^^^^^^^^^^^^^^^^^^
  File "/home/airflow/.local/lib/python3.12/site-packages/airflow/operators/python.py", line 252, in execute_callable
    return self.python_callable(*self.op_args, **self.op_kwargs)
           ^^^^^^^^^^^^^^^^^^^^^^^^^^^^^^^^^^^^^^^^^^^^^^^^^^^^^
  File "/opt/airflow/dags/storage/postgres_loader/write_to_postgres.py", line 14, in write_to_postgres
    products = response_data.get('data', [])
               ^^^^^^^^^^^^^^^^^
AttributeError: 'str' object has no attribute 'get'
[2025-04-28T16:20:01.704+0000] {taskinstance.py:1206} INFO - Marking task as FAILED. dag_id=random_user_pipeline, task_id=insert_***, run_id=scheduled__2025-04-28T16:00:58+00:00, execution_date=20250428T160058, start_date=20250428T161959, end_date=20250428T162001
[2025-04-28T16:20:01.727+0000] {standard_task_runner.py:110} ERROR - Failed to execute job 94 for task insert_*** ('str' object has no attribute 'get'; 223)
[2025-04-28T16:20:01.738+0000] {local_task_job_runner.py:240} INFO - Task exited with return code 1
[2025-04-28T16:20:01.992+0000] {taskinstance.py:3503} INFO - 0 downstream tasks scheduled from follow-on schedule check
[2025-04-28T16:20:01.995+0000] {local_task_job_runner.py:222} INFO - ::endgroup::
